#
# There is insufficient memory for the Java Runtime Environment to continue.
# Native memory allocation (mmap) failed to map 268435456 bytes for G1 virtual space
# Possible reasons:
#   The system is out of physical RAM or swap space
#   The process is running with CompressedOops enabled, and the Java Heap may be blocking the growth of the native heap
# Possible solutions:
#   Reduce memory load on the system
#   Increase physical memory or swap space
#   Check if swap backing store is full
#   Decrease Java heap size (-Xmx/-Xms)
#   Decrease number of Java threads
#   Decrease Java thread stack sizes (-Xss)
#   Set larger code cache with -XX:ReservedCodeCacheSize=
#   JVM is running with Zero Based Compressed Oops mode in which the Java heap is
#     placed in the first 32GB address space. The Java Heap base address is the
#     maximum limit for the native heap growth. Please use -XX:HeapBaseMinAddress
#     to set the Java Heap base and to place the Java Heap above 32GB virtual address.
# This output file may be truncated or incomplete.
#
#  Out of Memory Error (./open/src/hotspot/os/windows/os_windows.cpp:3321), pid=12028, tid=9672
#
# JRE version:  (15.0.2+7) (build )
# Java VM: OpenJDK 64-Bit Server VM (15.0.2+7-27, mixed mode, sharing, tiered, compressed oops, g1 gc, windows-amd64)
# No core dump will be written. Minidumps are not enabled by default on client versions of Windows
#

---------------  S U M M A R Y ------------

Command Line: -javaagent:C:\Program Files\JetBrains\IntelliJ IDEA Community Edition 2020.3.1\lib\idea_rt.jar=63988:C:\Program Files\JetBrains\IntelliJ IDEA Community Edition 2020.3.1\bin -Dfile.encoding=UTF-8 AppKt

Host: Intel(R) Core(TM) i5-6500 CPU @ 3.20GHz, 4 cores, 15G,  Windows 10 , 64 bit Build 19041 (10.0.19041.1348)
Time: Mon Dec 20 22:20:35 2021 Новосибирское стандартное время elapsed time: 0.289459 seconds (0d 0h 0m 0s)

---------------  T H R E A D  ---------------

Current thread (0x000002ae4091eab0):  JavaThread "Unknown thread" [_thread_in_vm, id=9672, stack(0x000000b8c3000000,0x000000b8c3100000)]

Stack: [0x000000b8c3000000,0x000000b8c3100000]
Native frames: (J=compiled Java code, j=interpreted, Vv=VM code, C=native code)
V  [jvm.dll+0x62ae9a]
V  [jvm.dll+0x7817a9]
V  [jvm.dll+0x782f03]
V  [jvm.dll+0x783563]
V  [jvm.dll+0x216325]
V  [jvm.dll+0x6281d9]
V  [jvm.dll+0x61cf55]
V  [jvm.dll+0x2cffdd]
V  [jvm.dll+0x2cfe42]
V  [jvm.dll+0x2d5e1c]
V  [jvm.dll+0x32590a]
V  [jvm.dll+0x324fd4]
V  [jvm.dll+0x2a6f5a]
V  [jvm.dll+0x2a80f8]
V  [jvm.dll+0x75e241]
V  [jvm.dll+0x3341c4]
V  [jvm.dll+0x73e926]
V  [jvm.dll+0x3b7557]
V  [jvm.dll+0x3b8fe1]
C  [jli.dll+0x52fb]
C  [ucrtbase.dll+0x21bb2]
C  [KERNEL32.DLL+0x17034]
C  [ntdll.dll+0x52651]


---------------  P R O C E S S  ---------------

Threads class SMR info:
_java_thread_list=0x00007ffe36564ff0, length=0, elements={
}

Java Threads: ( => current thread )

Other Threads:
  0x000002ae40970700 GCTaskThread "GC Thread#0" [stack: 0x000000b8c3200000,0x000000b8c3300000] [id=8412]
  0x000002ae40981720 ConcurrentGCThread "G1 Main Marker" [stack: 0x000000b8c3300000,0x000000b8c3400000] [id=14208]
  0x000002ae40983320 ConcurrentGCThread "G1 Conc#0" [stack: 0x000000b8c3400000,0x000000b8c3500000] [id=10696]

[error occurred during error reporting (printing all threads), id 0xc0000005, EXCEPTION_ACCESS_VIOLATION (0xc0000005) at pc=0x00007ffe35d57e27]

VM state: not at safepoint (not fully initialized)

VM Mutex/Monitor currently owned by a thread:  ([mutex/lock_event])
[0x000002ae4091a610] Heap_lock - owner thread: 0x000002ae4091eab0

Heap address: 0x0000000701200000, size: 4078 MB, Compressed Oops mode: Zero based, Oop shift amount: 3
CDS archive(s) mapped at: [0x0000000000000000-0x0000000000000000-0x0000000000000000), size 0, SharedBaseAddress: 0x0000000800000000, ArchiveRelocationMode: 0.
Narrow klass base: 0x0000000000000000, Narrow klass shift: 0, Narrow klass range: 0x0

Heap:
 garbage-first heap   total 262144K, used 0K [0x0000000701200000, 0x0000000800000000)
  region size 2048K, 0 young (0K), 0 survivors (0K)
 Metaspace       used 0K, capacity 0K, committed 0K, reserved 0K
  class space    used 0K, capacity 0K, committed 0K, reserved 0K

Heap Regions: E=young(eden), S=young(survivor), O=old, HS=humongous(starts), HC=humongous(continues), CS=collection set, F=free, OA=open archive, CA=closed archive, TAMS=top-at-mark-start (previous, next)

Card table byte_map: [0x000002ae58360000,0x000002ae58b60000] _byte_map_base: 0x000002ae54b57000

Marking Bits (Prev, Next): (CMBitMap*) 0x000002ae40970ef0, (CMBitMap*) 0x000002ae40970f30
 Prev Bits: [0x000002ae59360000, 0x000002ae5d318000)
 Next Bits: [0x000002ae5d320000, 0x000002ae612d8000)

GC Heap History (0 events):
No events

Deoptimization events (0 events):
No events

Classes unloaded (0 events):
No events

Classes redefined (0 events):
No events

Internal exceptions (0 events):
No events

Events (1 events):
Event: 0.093 Loaded shared library C:\Users\Admin\.jdks\openjdk-15.0.2\bin\java.dll


Dynamic libraries:
0x00007ff6821f0000 - 0x00007ff6821fd000 	C:\Users\Admin\.jdks\openjdk-15.0.2\bin\java.exe
0x00007ffe99370000 - 0x00007ffe99565000 	C:\WINDOWS\SYSTEM32\ntdll.dll
0x00007ffe991a0000 - 0x00007ffe9925e000 	C:\WINDOWS\System32\KERNEL32.DLL
0x00007ffe96e00000 - 0x00007ffe970c8000 	C:\WINDOWS\System32\KERNELBASE.dll
0x00007ffe970d0000 - 0x00007ffe971d0000 	C:\WINDOWS\System32\ucrtbase.dll
0x00007ffe925c0000 - 0x00007ffe925d8000 	C:\Users\Admin\.jdks\openjdk-15.0.2\bin\jli.dll
0x00007ffe973b0000 - 0x00007ffe97551000 	C:\WINDOWS\System32\USER32.dll
0x00007ffe96dd0000 - 0x00007ffe96df2000 	C:\WINDOWS\System32\win32u.dll
0x00007ffe97bb0000 - 0x00007ffe97bdb000 	C:\WINDOWS\System32\GDI32.dll
0x00007ffe96c40000 - 0x00007ffe96d4d000 	C:\WINDOWS\System32\gdi32full.dll
0x00007ffe971d0000 - 0x00007ffe9726d000 	C:\WINDOWS\System32\msvcp_win.dll
0x00007ffe92500000 - 0x00007ffe92519000 	C:\Users\Admin\.jdks\openjdk-15.0.2\bin\VCRUNTIME140.dll
0x00007ffe7fba0000 - 0x00007ffe7fe3a000 	C:\WINDOWS\WinSxS\amd64_microsoft.windows.common-controls_6595b64144ccf1df_6.0.19041.1110_none_60b5254171f9507e\COMCTL32.dll
0x00007ffe97560000 - 0x00007ffe975fe000 	C:\WINDOWS\System32\msvcrt.dll
0x00007ffe98cb0000 - 0x00007ffe98ce0000 	C:\WINDOWS\System32\IMM32.DLL
0x00007ffe92640000 - 0x00007ffe9264c000 	C:\Users\Admin\.jdks\openjdk-15.0.2\bin\vcruntime140_1.dll
0x00007ffe78010000 - 0x00007ffe780a1000 	C:\Users\Admin\.jdks\openjdk-15.0.2\bin\msvcp140.dll
0x00007ffe35aa0000 - 0x00007ffe365fe000 	C:\Users\Admin\.jdks\openjdk-15.0.2\bin\server\jvm.dll
0x00007ffe97be0000 - 0x00007ffe97c8c000 	C:\WINDOWS\System32\ADVAPI32.dll
0x00007ffe99100000 - 0x00007ffe9919b000 	C:\WINDOWS\System32\sechost.dll
0x00007ffe98d90000 - 0x00007ffe98eba000 	C:\WINDOWS\System32\RPCRT4.dll
0x00007ffe97b20000 - 0x00007ffe97b28000 	C:\WINDOWS\System32\PSAPI.DLL
0x00007ffe80a80000 - 0x00007ffe80a89000 	C:\WINDOWS\SYSTEM32\WSOCK32.dll
0x00007ffe98330000 - 0x00007ffe9839b000 	C:\WINDOWS\System32\WS2_32.dll
0x00007ffe83470000 - 0x00007ffe83497000 	C:\WINDOWS\SYSTEM32\WINMM.dll
0x00007ffe8f9c0000 - 0x00007ffe8f9ca000 	C:\WINDOWS\SYSTEM32\VERSION.dll
0x00007ffe94870000 - 0x00007ffe94882000 	C:\WINDOWS\SYSTEM32\kernel.appcore.dll
0x00007ffe88940000 - 0x00007ffe8894a000 	C:\Users\Admin\.jdks\openjdk-15.0.2\bin\jimage.dll
0x00007ffe7db80000 - 0x00007ffe7dd64000 	C:\WINDOWS\SYSTEM32\DBGHELP.DLL
0x00007ffe7d1e0000 - 0x00007ffe7d20c000 	C:\WINDOWS\SYSTEM32\dbgcore.DLL
0x00007ffe97320000 - 0x00007ffe973a2000 	C:\WINDOWS\System32\bcryptPrimitives.dll
0x00007ffe795a0000 - 0x00007ffe795ae000 	C:\Users\Admin\.jdks\openjdk-15.0.2\bin\instrument.dll
0x00007ffe818e0000 - 0x00007ffe81905000 	C:\Users\Admin\.jdks\openjdk-15.0.2\bin\java.dll

dbghelp: loaded successfully - version: 4.0.5 - missing functions: none
symbol engine: initialized successfully - sym options: 0x614 - pdb path: .;C:\Users\Admin\.jdks\openjdk-15.0.2\bin;C:\WINDOWS\SYSTEM32;C:\WINDOWS\WinSxS\amd64_microsoft.windows.common-controls_6595b64144ccf1df_6.0.19041.1110_none_60b5254171f9507e;C:\Users\Admin\.jdks\openjdk-15.0.2\bin\server

VM Arguments:
jvm_args: -javaagent:C:\Program Files\JetBrains\IntelliJ IDEA Community Edition 2020.3.1\lib\idea_rt.jar=63988:C:\Program Files\JetBrains\IntelliJ IDEA Community Edition 2020.3.1\bin -Dfile.encoding=UTF-8 
java_command: AppKt
java_class_path (initial): D:\Project\Algorithms\out\production\Algorithms;C:\Users\Admin\AppData\Roaming\JetBrains\IdeaIC2020.3\plugins\Kotlin\kotlinc\lib\kotlin-stdlib.jar;C:\Users\Admin\AppData\Roaming\JetBrains\IdeaIC2020.3\plugins\Kotlin\kotlinc\lib\kotlin-reflect.jar;C:\Users\Admin\AppData\Roaming\JetBrains\IdeaIC2020.3\plugins\Kotlin\kotlinc\lib\kotlin-test.jar
Launcher Type: SUN_STANDARD

[Global flags]
     intx CICompilerCount                          = 3                                         {product} {ergonomic}
     uint ConcGCThreads                            = 1                                         {product} {ergonomic}
     uint G1ConcRefinementThreads                  = 4                                         {product} {ergonomic}
   size_t G1HeapRegionSize                         = 2097152                                   {product} {ergonomic}
    uintx GCDrainStackTargetSize                   = 64                                        {product} {ergonomic}
   size_t InitialHeapSize                          = 268435456                                 {product} {ergonomic}
   size_t MarkStackSize                            = 4194304                                   {product} {ergonomic}
   size_t MaxHeapSize                              = 4276092928                                {product} {ergonomic}
   size_t MinHeapDeltaBytes                        = 2097152                                   {product} {ergonomic}
   size_t MinHeapSize                              = 8388608                                   {product} {ergonomic}
    uintx NonNMethodCodeHeapSize                   = 5832780                                {pd product} {ergonomic}
    uintx NonProfiledCodeHeapSize                  = 122912730                              {pd product} {ergonomic}
    uintx ProfiledCodeHeapSize                     = 122912730                              {pd product} {ergonomic}
    uintx ReservedCodeCacheSize                    = 251658240                              {pd product} {ergonomic}
     bool SegmentedCodeCache                       = true                                      {product} {ergonomic}
   size_t SoftMaxHeapSize                          = 4276092928                             {manageable} {ergonomic}
     bool UseCompressedClassPointers               = true                                 {lp64_product} {ergonomic}
     bool UseCompressedOops                        = true                                 {lp64_product} {ergonomic}
     bool UseG1GC                                  = true                                      {product} {ergonomic}
     bool UseLargePagesIndividualAllocation        = false                                  {pd product} {ergonomic}

Logging:
Log output configuration:
 #0: stdout all=warning uptime,level,tags
 #1: stderr all=off uptime,level,tags

Environment Variables:
PATH=C:\Windows\system32;C:\Windows;C:\Windows\System32\Wbem;C:\Windows\System32\WindowsPowerShell\v1.0\;C:\Windows\System32\OpenSSH\;C:\Program Files\dotnet\;C:\Program Files\Microsoft SQL Server\130\Tools\Binn\;C:\Program Files\Microsoft SQL Server\Client SDK\ODBC\170\Tools\Binn\;C:\Program Files\NVIDIA Corporation\NVIDIA NvDLISR;C:\WINDOWS\system32;C:\WINDOWS;C:\WINDOWS\System32\Wbem;C:\WINDOWS\System32\WindowsPowerShell\v1.0\;C:\WINDOWS\System32\OpenSSH\;C:\Program Files\Git\cmd;C:\Program Files (x86)\NVIDIA Corporation\PhysX\Common;C:\Program Files (x86)\Calibre2\;C:\Users\Admin\AppData\Local\Microsoft\WindowsApps;C:\Users\Admin\.dotnet\tools;C:\Program Files\JetBrains\IntelliJ IDEA Community Edition 2020.3.1\bin;;C:\Users\Admin\AppData\Local\Apps\cURL\bin
USERNAME=Admin
OS=Windows_NT
PROCESSOR_IDENTIFIER=Intel64 Family 6 Model 94 Stepping 3, GenuineIntel



---------------  S Y S T E M  ---------------

OS:
 Windows 10 , 64 bit Build 19041 (10.0.19041.1348)
OS uptime: 1 days 9:12 hours
HyperV virtualization detected

CPU: total 4 (initial active 4) (4 cores per cpu, 1 threads per core) family 6 model 94 stepping 3 microcode 0xcc, cmov, cx8, fxsr, mmx, sse, sse2, sse3, ssse3, sse4.1, sse4.2, popcnt, vzeroupper, avx, avx2, aes, clmul, erms, rtm, 3dnowpref, lzcnt, tsc, tscinvbit, bmi1, bmi2, adx, fma, clflush, clflushopt

Memory: 4k page, system-wide physical 16310M (4127M free)
TotalPageFile size 18303M (AvailPageFile size 132M)
current process WorkingSet (physical memory assigned to process): 10M, peak: 10M
current process commit charge ("private bytes"): 51M, peak: 307M

vm_info: OpenJDK 64-Bit Server VM (15.0.2+7-27) for windows-amd64 JRE (15.0.2+7-27), built on Dec  7 2020 20:02:38 by "mach5one" with unknown MS VC++:1925

END.
